****************************************************
*                                                  *
*                  GENESIS SPDYN                   *
*                                                  *
*        A Molecular Dynamics Simulator with       *
*           Spatial Decomposition Scheme           *
*                                                  *
*               Developed by RIKEN                 *
*                                                  *
****************************************************
 
[STEP0] Architecture and Compiler Information
 
GENESIS_Information> GENESIS Information
  version      = 1.5.1
  commit ID    = 1.5.1 [2020-08-27 14:10:28 +0900]
  precision    = double
  nonbonding   = CPU

Build_Information> Compiler Information
  build host   = yasu@crab.aics27.riken.jp
  fortran      = GNU Fortran (GCC) 4.8.5 20150623 (Red Hat 4.8.5-44)
  option       = -O3 -ffast-math -march=native -ffree-line-length-none -fopenmp 
  C            = gcc (GCC) 4.8.5 20150623 (Red Hat 4.8.5-44)
  option       = -O3 -ffast-math -march=native -fopenmp
  defined var. =  -DMPI -DOMP -DFFTE -DLAPACK -DDSFMT_MEXP=19937 -D__GFORTRAN__
  link option  =  -fopenmp  -llapack -lblas 

Runtime_Information> Machine and Library Information
  date       = 2021/09/09 19:36:55
  cpu model    = Intel(R) Xeon(R) CPU E5-2697A v4 @ 2.60GHz
  exec. host   = yasu@crab.aics27.riken.jp
  LD library   = /opt/netcdf/lib:/opt/mpich/lib:/usr/local/cuda/lib64:/usr/local/MATLAB/R2014a/sys/opengl/lib/glnxa64:/opt/netcdf/lib:/opt/mpich/lib:/usr/local/cuda/lib64:/usr/local/MATLAB/R2014a/sys/opengl/lib/glnxa64:

[STEP1] Read Control Parameters
 
Read_Ctrl_Input> Input Files
  topfile = ../toppar/top_all36_prot.rtf
  parfile = ../toppar/par_all36_prot.prm
  strfile = ../toppar/toppar_water_ions.str
  psffile = ../1_setup/wbox.psf
  pdbfile = ../1_setup/wbox.pdb
  rstfile = ../2_minimize_pre-equi/step2.4.rst
 
Read_Ctrl_Output> Output Files
  logfile    = step3_rep{}.log
  dcdfile    = step3_rep{}.dcd
  rstfile    = step3_rep{}.rst
  remfile    = step3_rep{}.rem
 
Read_Ctrl_Remd> Replica information
  dimension       =          1  nreplica        =          4
  variable        = SOLUTE TEMPERATURE
  select_index    = 1
  param_type      = ALL
  cyclic_params   = no

Read_Ctrl_Energy> Parameters of Energy Calculations
  forcefield      =     CHARMM
  switchdist      =     10.000  cutoffdist      =     12.000
  pairlistdist    =     13.500  dielec_const    =      1.000
 vdW force_switch =        yes
  electrostatic   =        PME
  pme_nspline     =          4
  pme_alpha       =    0.22664  pme_alpha_tol   =  0.100E-04
  fft_scheme      = 1DALLTOALL
  table_order     =          1
  table_density   =     20.000
  water_model     =       NONE
  output_style    =    GENESIS
  dispersion_corr =       none
  nonb_limiter    =      no
  contact_check   =      no
  vacuum          =      no
 
Read_Ctrl_Dynamics> Parameters of MD simulation
  integrator      =       VRES  nsteps          =      40000
  timestep        =     0.0025  initial_time    =     0.0000
  eneout_period   =         10  rstout_period   =       4000
  crdout_period   =        100  velout_period   =          0
  nbupdate_period =         10  stoptr_period   =         10
  iseed           =         -1
  annealing       =         no
 elec_long_period  =          2 thermostat_period =         10 barostat_period   =         10
  xo_respa        =        yes
  verbose         =         no
  target_md       =         no
  steered_md      =         no
 
Read_Ctrl_Constraints> Parameters for Constraints
  rigid_bond      =        yes
  shake_iteration =        500  shake_tolerance =  0.100E-09
  fast_bond       =         no
  fast_water      =        yes  water_model     =       TIP3
  hydrogen_type   =       name
 
Read_Ctrl_Ensemble> Parameters for Ensemble
  ensemble        =        NVT
  temperature     =    300.000
  tpcontrol       =      BUSSI
  tau_t           =      5.000
 
Read_Ctrl_Boundary> Parameters of Boundary Condition
  type            =       PBC 
  box_size(x,y,z) =      0.000     0.000     0.000
 
Read_Ctrl_Selection> Parameters of Selection
  # of groups     =          1
    group 1 = ai:1-42
  # of mole names =          0
 
Read_Ctrl_Restraints> No restraint in the system

Read_Ctrl_Fitting_MD> Parameters of Fitting
  fitting method  =  TR+ROT   
  fitting atom    = group1
  mass_weight     =         no
 
[STEP2] Setup MPI
 
Setup_Mpi_Remd> Summary of Setup MPI
  number of MPI processes                =         32
  number of MPI processes in one replica =          8
  number of OpenMP threads               =          1
  total number of CPU cores              =         32
     world_rank     country_no   country_rank
              0              0              0  REAL  RECP  MASTER
              1              0              1  REAL  RECP        
              2              0              2  REAL  RECP        
              3              0              3  REAL  RECP        
              4              0              4  REAL  RECP        
              5              0              5  REAL  RECP        
              6              0              6  REAL  RECP        
              7              0              7  REAL  RECP        
              8              1              0  REAL  RECP  MASTER
              9              1              1  REAL  RECP        
             10              1              2  REAL  RECP        
             11              1              3  REAL  RECP        
             12              1              4  REAL  RECP        
             13              1              5  REAL  RECP        
             14              1              6  REAL  RECP        
             15              1              7  REAL  RECP        
             16              2              0  REAL  RECP  MASTER
             17              2              1  REAL  RECP        
             18              2              2  REAL  RECP        
             19              2              3  REAL  RECP        
             20              2              4  REAL  RECP        
             21              2              5  REAL  RECP        
             22              2              6  REAL  RECP        
             23              2              7  REAL  RECP        
             24              3              0  REAL  RECP  MASTER
             25              3              1  REAL  RECP        
             26              3              2  REAL  RECP        
             27              3              3  REAL  RECP        
             28              3              4  REAL  RECP        
             29              3              5  REAL  RECP        
             30              3              6  REAL  RECP        
             31              3              7  REAL  RECP        

[STEP3] Set Relevant Variables and Structures
 
Input_Top> Summary of Topfile
  num_atom_class  =         53  num_resi_type   =         50
 
Input_Par> Summary of Parfile
  num_bonds       =        132  num_angles      =        364
  num_dihedrals   =        706  num_impropers   =         35
  num_atom_cls    =         53  num_nbfix       =          0
  num_cmap_terms  =          6
 
Input_Str> Summary of Top information
  num_atom_class  =         68  num_resi_type   =         64
 
Input_Str> Summary of Par information
  num_bonds       =        135  num_angles      =        365
  num_dihedrals   =        706  num_impropers   =         35
  num_atom_cls    =         68  num_nbfix       =         15
  num_cmap_terms  =          6
 
Read_Psf> Summary of Psffile
  psftype         =      xplor
  num_atoms       =      11859  num_bonds       =       7919
  num_angles      =       4011  num_dihedrals   =         91
  num_impropers   =          8  num_cmap_terms  =          3
  num_HB_donors   =          0  num_HB_acceptors=          0
  num_NB_exclusion=          0  num_groups      =          1
  total_charge    =      0.000
 
Read_Pdb> Summary of Data in PDB file
  num_atoms       =      11859
 
Read_Rst_Binary> Summary of RST file
  num_atoms       =      11859  iseed           =     609529
  boxsize (x,y,z) =     49.011    49.011    49.011

Define_Molecule> Summary of molecules
  num_atoms       =      11859  num_bonds       =       7919
  num_angles      =       4011  num_dihedrals   =         91
  num_impropers   =          8  num_cmap_terms  =          3
  num_residues    =       3942  num_molecules   =       3940
  num_segments    =          2  num_deg_freedom =      35577
  total_charge    =      0.000
 
Setup_Restart_Pre> Coordinates and velocities were replaced

Setup_Boundary_Cell> Set Variables for Boundary Condition
  domains (x,y,z) =          2         2         2
  ncells (x,y,z)  =          6         6         6
 
Setup_Solute_Tempering> preparation of REST

Setup_Enefunc_Cmap> Natural spline is used to derive cmap coefs.

Define_Enefunc_Charmm> Number of Interactions in Each Term
  bond_ene        =         19  angle_ene       =         72
  torsion_ene     =         95  improper_ene    =          8
  cmap_ene        =          3
  nb_exclusions   =      11930  nb14_calc       =         91
 
Setup_Fitting_Spdyn> NO fitting is applied, skip
  fitting method  =  NO


Setup_PME> Proper PME grid number was generated automatically
  pme_ngrid(x,y,z)=         60        60        60

Setup_Dynamics> Subtract 3 translational degrees of freedom
 
Update_Num_Deg_Freedom> Number of degrees of freedom was updated
  num_deg_freedom =      35574 (After removing translation)
 
Random_Init> Initialize the random number
  seed            = 82089

Setup_Fast_Water> Setup constraints for SETTLE
  r0(O-H)         =     0.9572  mass(O)         =    15.9994
  r0(H-H)         =     1.5139  mass(H)         =     1.0080
 
Update_Num_Deg_Freedom> Number of degrees of freedom was updated
  num_deg_freedom =      23757 (After setup of SETTLE)
 
Setup_Rigid_Bond> Setup constrains for SHAKE and RATTLE
  num_rigid_bonds =         22
 
Update_Num_Deg_Freedom> Number of degrees of freedom was updated
  num_deg_freedom =      23735 (After setup of SHAKE/RATTLE)
 
Setup_Remd> Replica information

Setup_Remd_Solute_Tempering>
Param types for dimension       1
  BONDS         =        T
  ANGLES        =        T
  UREYS         =        T
  DIHEDRALS     =        T
  RB_DIHEDRALS  =        T
  IMPROPERS     =        T
  CMAPS         =        T
  CONTACTS      =        T
  CHARGE        =        T
  LJ            =        T
Solute Atoms for dimension       1
  num_solute              = 42
  num_solute_bond         = 19
  num_solute_angles       = 72
  num_solute_ureys        = 27
  num_solute_dihedrals    = 95
  num_solute_rb_dihedrals = 0
  num_solute_impropers    = 8
  num_solute_cmaps        = 3
  num_solute_contacts     = 0
  ParmsetID
          1 =           1
          2 =           2
          3 =           3
          4 =           4

  Parameters
    Dim   1 =     300.000    318.120    337.140    351.260

Setup_Restart_Post> Read random seed  from RST file and Overwrite it

Setup_Restart_Post> Parameters were replaced

[STEP4] Compute Single Point Energy for Molecules
 
            STEP            BOND           ANGLE    UREY-BRADLEY        DIHEDRAL        IMPROPER            CMAP         VDWAALS           ELECT
 --------------- --------------- --------------- --------------- ---------------
               0          6.7060         18.0989          1.6250         12.6187          1.5827         -0.9501       4235.8248     -42661.4621

[STEP5] Perform Replica-Exchange MD Simulation
 
 
[STEP6] Deallocate Arrays
 
Output_Time> Averaged timer profile (Min, Max)
  total time      =     864.928
    setup         =      12.621
    dynamics      =     852.306
      energy      =     725.875
      integrator  =      70.242
      pairlist    =      60.322 (      49.196,      71.870)
  energy           
    bond          =       0.120 (       0.085,       0.177)
    angle         =       0.153 (       0.039,       0.628)
    dihedral      =       0.442 (       0.099,       1.598)
    nonbond       =     707.038 (     686.253,     746.031)
      pme real    =     593.109 (     555.342,     669.805)
      pme recip   =     113.910 (      75.214,     134.868)
    solvation     =       0.000 (       0.000,       0.000)
      polar       =       0.000 (       0.000,       0.000)
      non-polar   =       0.000 (       0.000,       0.000)
    restraint     =       0.000 (       0.000,       0.000)
    qmmm          =       0.000 (       0.000,       0.000)
  integrator       
    constraint    =       5.264 (       5.047,       5.495)
    update        =       8.350 (       7.933,       9.085)
    comm_coord    =       0.000 (       0.000,       0.000)
    comm_force    =      48.123 (      10.998,      69.401)
    comm_migrate  =       0.000 (       0.000,       0.000)

